2024-12-02 14:02:13,287 [INFO] WRITING LOG OUTPUT TO /zhome/1a/4/136247/.cellpose/run.log
2024-12-02 14:02:13,287 [INFO] 
cellpose version: 	3.1.0 
platform:       	linux 
python version: 	3.10.15 
torch version:  	2.5.1
2024-12-02 14:02:13,299 [INFO] not all flows are present, running flow generation for all images
2024-12-02 14:02:13,507 [INFO] 40 / 41 images in /dtu/blackhole/17/136247/Cell_Segmentation_DL_project/data/groundtruth_train folder have labels
2024-12-02 14:02:13,512 [INFO] not all flows are present, running flow generation for all images
2024-12-02 14:02:13,556 [INFO] 9 / 10 images in /dtu/blackhole/17/136247/Cell_Segmentation_DL_project/data/groundtruth_test folder have labels
2024-12-02 14:02:13,558 [WARNING] model_type does not exist, using default model
2024-12-02 14:02:13,558 [INFO] >>>> using CPU
2024-12-02 14:02:13,558 [INFO] >>>> using CPU
2024-12-02 14:02:13,644 [INFO] >>>> loading model /zhome/1a/4/136247/.cellpose/models/cyto3
2024-12-02 14:02:13,989 [INFO] >>>> model diam_mean =  30.000 (ROIs rescaled to this size during training)
2024-12-02 14:02:13,989 [INFO] computing flows for labels
2024-12-02 14:02:16,709 [INFO] computing flows for labels
2024-12-02 14:02:17,242 [INFO] >>> computing diameters
2024-12-02 14:02:17,302 [WARNING] 1 train images with number of masks less than min_train_masks (5), removing from train set
2024-12-02 14:02:17,303 [INFO] >>> using channels [0, 0]
2024-12-02 14:02:17,303 [INFO] >>> normalizing {'lowhigh': None, 'percentile': None, 'normalize': True, 'norm3D': True, 'sharpen_radius': 0, 'smooth_radius': 0, 'tile_norm_blocksize': 0, 'tile_norm_smooth3D': 1, 'invert': False}
2024-12-02 14:02:17,731 [INFO] >>> n_epochs=100, n_train=39, n_test=9
2024-12-02 14:02:17,732 [INFO] >>> SGD, learning_rate=0.10000, weight_decay=0.00010, momentum=0.900
2024-12-02 14:02:19,281 [INFO] >>> saving model to /dtu/blackhole/17/136247/Cell_Segmentation_DL_project/src/models/retrained
2024-12-02 14:03:38,343 [INFO] 0, train_loss=0.4273, test_loss=1.1566, LR=0.000000, time 79.06s
2024-12-02 14:09:49,539 [INFO] 5, train_loss=0.3038, test_loss=0.1940, LR=0.055556, time 450.26s
2024-12-02 14:15:59,686 [INFO] 10, train_loss=0.2667, test_loss=0.1834, LR=0.100000, time 820.41s
2024-12-02 14:28:16,467 [INFO] 20, train_loss=0.2319, test_loss=0.1842, LR=0.100000, time 1557.19s
2024-12-02 14:40:25,565 [INFO] 30, train_loss=0.2216, test_loss=0.1746, LR=0.100000, time 2286.28s
2024-12-02 14:52:22,893 [INFO] 40, train_loss=0.2215, test_loss=0.1716, LR=0.100000, time 3003.61s
2024-12-02 15:04:22,593 [INFO] 50, train_loss=0.1976, test_loss=0.1703, LR=0.100000, time 3723.31s
2024-12-02 15:16:22,130 [INFO] 60, train_loss=0.2063, test_loss=0.1727, LR=0.100000, time 4442.85s
2024-12-02 15:28:21,885 [INFO] 70, train_loss=0.2083, test_loss=0.1678, LR=0.100000, time 5162.60s
2024-12-02 15:40:21,516 [INFO] 80, train_loss=0.2036, test_loss=0.1693, LR=0.100000, time 5882.24s
2024-12-02 15:52:21,295 [INFO] 90, train_loss=0.1994, test_loss=0.1669, LR=0.100000, time 6602.01s
2024-12-02 16:03:04,483 [INFO] saving network parameters to /dtu/blackhole/17/136247/Cell_Segmentation_DL_project/src/models/retrained
